# JRE version: OpenJDK Runtime Environment (8.0_181-b13) (build 1.8.0_181-8u181-b13-0ubuntu0.18.04.1-b13)
# Java VM: OpenJDK 64-Bit Server VM (25.181-b13 mixed mode linux-amd64 compressed oops)
Heap:
 PSYoungGen      total 124416K, used 6628K [0x00000000eb900000, 0x00000000f3d80000, 0x0000000100000000)
  eden space 117760K, 0% used [0x00000000eb900000,0x00000000eb900000,0x00000000f2c00000)
  from space 6656K, 99% used [0x00000000f3080000,0x00000000f36f9040,0x00000000f3700000)
  to   space 4608K, 0% used [0x00000000f3900000,0x00000000f3900000,0x00000000f3d80000)
 ParOldGen       total 26112K, used 12591K [0x00000000c2a00000, 0x00000000c4380000, 0x00000000eb900000)
  object space 26112K, 48% used [0x00000000c2a00000,0x00000000c364bff8,0x00000000c4380000)
 Metaspace       used 28593K, capacity 29872K, committed 30208K, reserved 1075200K
  class space    used 3702K, capacity 3969K, committed 4096K, reserved 1048576K
GC Heap History (10 events):
Event: 5.739 GC heap after
Heap after GC invocations=5 (full 0):
 PSYoungGen      total 34304K, used 2560K [0x00000000eb900000, 0x00000000f0200000, 0x0000000100000000)
  eden space 31744K, 0% used [0x00000000eb900000,0x00000000eb900000,0x00000000ed800000)
  from space 2560K, 100% used [0x00000000ed800000,0x00000000eda80000,0x00000000eda80000)
  to   space 5632K, 0% used [0x00000000efc80000,0x00000000efc80000,0x00000000f0200000)
 ParOldGen       total 42496K, used 6398K [0x00000000c2a00000, 0x00000000c5380000, 0x00000000eb900000)
  object space 42496K, 15% used [0x00000000c2a00000,0x00000000c303f920,0x00000000c5380000)
 Metaspace       used 16101K, capacity 16636K, committed 16896K, reserved 1064960K
  class space    used 2090K, capacity 2251K, committed 2304K, reserved 1048576K
}
Event: 6.286 GC heap before
{Heap before GC invocations=6 (full 0):
 PSYoungGen      total 34304K, used 34304K [0x00000000eb900000, 0x00000000f0200000, 0x0000000100000000)
  eden space 31744K, 100% used [0x00000000eb900000,0x00000000ed800000,0x00000000ed800000)
  from space 2560K, 100% used [0x00000000ed800000,0x00000000eda80000,0x00000000eda80000)
  to   space 5632K, 0% used [0x00000000efc80000,0x00000000efc80000,0x00000000f0200000)
 ParOldGen       total 42496K, used 6398K [0x00000000c2a00000, 0x00000000c5380000, 0x00000000eb900000)
  object space 42496K, 15% used [0x00000000c2a00000,0x00000000c303f920,0x00000000c5380000)
 Metaspace       used 20247K, capacity 20856K, committed 20992K, reserved 1067008K
  class space    used 2586K, capacity 2757K, committed 2816K, reserved 1048576K
Event: 6.296 GC heap after
Heap after GC invocations=6 (full 0):
 PSYoungGen      total 67584K, used 5614K [0x00000000eb900000, 0x00000000f0500000, 0x0000000100000000)
  eden space 61952K, 0% used [0x00000000eb900000,0x00000000eb900000,0x00000000ef580000)
  from space 5632K, 99% used [0x00000000efc80000,0x00000000f01fb918,0x00000000f0200000)
  to   space 7168K, 0% used [0x00000000ef580000,0x00000000ef580000,0x00000000efc80000)
 ParOldGen       total 42496K, used 7203K [0x00000000c2a00000, 0x00000000c5380000, 0x00000000eb900000)
  object space 42496K, 16% used [0x00000000c2a00000,0x00000000c3108fe8,0x00000000c5380000)
 Metaspace       used 20247K, capacity 20856K, committed 20992K, reserved 1067008K
  class space    used 2586K, capacity 2757K, committed 2816K, reserved 1048576K
}
Event: 6.359 GC heap before
{Heap before GC invocations=7 (full 0):
 PSYoungGen      total 67584K, used 10180K [0x00000000eb900000, 0x00000000f0500000, 0x0000000100000000)
  eden space 61952K, 7% used [0x00000000eb900000,0x00000000ebd757a0,0x00000000ef580000)
  from space 5632K, 99% used [0x00000000efc80000,0x00000000f01fb918,0x00000000f0200000)
  to   space 7168K, 0% used [0x00000000ef580000,0x00000000ef580000,0x00000000efc80000)
 ParOldGen       total 42496K, used 7203K [0x00000000c2a00000, 0x00000000c5380000, 0x00000000eb900000)
  object space 42496K, 16% used [0x00000000c2a00000,0x00000000c3108fe8,0x00000000c5380000)
 Metaspace       used 20607K, capacity 21220K, committed 21248K, reserved 1067008K
  class space    used 2628K, capacity 2803K, committed 2816K, reserved 1048576K
Event: 6.366 GC heap after
Heap after GC invocations=7 (full 0):
 PSYoungGen      total 69120K, used 2747K [0x00000000eb900000, 0x00000000f4000000, 0x0000000100000000)
  eden space 61952K, 0% used [0x00000000eb900000,0x00000000eb900000,0x00000000ef580000)
  from space 7168K, 38% used [0x00000000ef580000,0x00000000ef82ef58,0x00000000efc80000)
  to   space 7168K, 0% used [0x00000000f3900000,0x00000000f3900000,0x00000000f4000000)
 ParOldGen       total 42496K, used 8439K [0x00000000c2a00000, 0x00000000c5380000, 0x00000000eb900000)
  object space 42496K, 19% used [0x00000000c2a00000,0x00000000c323de78,0x00000000c5380000)
 Metaspace       used 20607K, capacity 21220K, committed 21248K, reserved 1067008K
  class space    used 2628K, capacity 2803K, committed 2816K, reserved 1048576K
}
Event: 6.366 GC heap before
{Heap before GC invocations=8 (full 1):
 PSYoungGen      total 69120K, used 2747K [0x00000000eb900000, 0x00000000f4000000, 0x0000000100000000)
  eden space 61952K, 0% used [0x00000000eb900000,0x00000000eb900000,0x00000000ef580000)
  from space 7168K, 38% used [0x00000000ef580000,0x00000000ef82ef58,0x00000000efc80000)
  to   space 7168K, 0% used [0x00000000f3900000,0x00000000f3900000,0x00000000f4000000)
 ParOldGen       total 42496K, used 8439K [0x00000000c2a00000, 0x00000000c5380000, 0x00000000eb900000)
  object space 42496K, 19% used [0x00000000c2a00000,0x00000000c323de78,0x00000000c5380000)
 Metaspace       used 20607K, capacity 21220K, committed 21248K, reserved 1067008K
  class space    used 2628K, capacity 2803K, committed 2816K, reserved 1048576K
Event: 6.405 GC heap after
Heap after GC invocations=8 (full 1):
 PSYoungGen      total 69120K, used 0K [0x00000000eb900000, 0x00000000f4000000, 0x0000000100000000)
  eden space 61952K, 0% used [0x00000000eb900000,0x00000000eb900000,0x00000000ef580000)
  from space 7168K, 0% used [0x00000000ef580000,0x00000000ef580000,0x00000000efc80000)
  to   space 7168K, 0% used [0x00000000f3900000,0x00000000f3900000,0x00000000f4000000)
 ParOldGen       total 26112K, used 5168K [0x00000000c2a00000, 0x00000000c4380000, 0x00000000eb900000)
  object space 26112K, 19% used [0x00000000c2a00000,0x00000000c2f0c2f8,0x00000000c4380000)
 Metaspace       used 20607K, capacity 21220K, committed 21248K, reserved 1067008K
  class space    used 2628K, capacity 2803K, committed 2816K, reserved 1048576K
}
Event: 7.244 GC heap before
{Heap before GC invocations=9 (full 1):
 PSYoungGen      total 69120K, used 61952K [0x00000000eb900000, 0x00000000f4000000, 0x0000000100000000)
  eden space 61952K, 100% used [0x00000000eb900000,0x00000000ef580000,0x00000000ef580000)
  from space 7168K, 0% used [0x00000000ef580000,0x00000000ef580000,0x00000000efc80000)
  to   space 7168K, 0% used [0x00000000f3900000,0x00000000f3900000,0x00000000f4000000)
 ParOldGen       total 26112K, used 5168K [0x00000000c2a00000, 0x00000000c4380000, 0x00000000eb900000)
  object space 26112K, 19% used [0x00000000c2a00000,0x00000000c2f0c2f8,0x00000000c4380000)
 Metaspace       used 22768K, capacity 23504K, committed 23680K, reserved 1069056K
  class space    used 2919K, capacity 3109K, committed 3200K, reserved 1048576K
Event: 7.291 GC heap after
Heap after GC invocations=9 (full 1):
 PSYoungGen      total 122368K, used 4219K [0x00000000eb900000, 0x00000000f3d80000, 0x0000000100000000)
  eden space 117760K, 0% used [0x00000000eb900000,0x00000000eb900000,0x00000000f2c00000)
  from space 4608K, 91% used [0x00000000f3900000,0x00000000f3d1ec98,0x00000000f3d80000)
  to   space 6656K, 0% used [0x00000000f3080000,0x00000000f3080000,0x00000000f3700000)
 ParOldGen       total 26112K, used 5176K [0x00000000c2a00000, 0x00000000c4380000, 0x00000000eb900000)
  object space 26112K, 19% used [0x00000000c2a00000,0x00000000c2f0e2f8,0x00000000c4380000)
 Metaspace       used 22768K, capacity 23504K, committed 23680K, reserved 1069056K
  class space    used 2919K, capacity 3109K, committed 3200K, reserved 1048576K
}
Event: 9.118 GC heap before
{Heap before GC invocations=10 (full 1):
 PSYoungGen      total 122368K, used 121979K [0x00000000eb900000, 0x00000000f3d80000, 0x0000000100000000)
  eden space 117760K, 100% used [0x00000000eb900000,0x00000000f2c00000,0x00000000f2c00000)
  from space 4608K, 91% used [0x00000000f3900000,0x00000000f3d1ec98,0x00000000f3d80000)
  to   space 6656K, 0% used [0x00000000f3080000,0x00000000f3080000,0x00000000f3700000)
 ParOldGen       total 26112K, used 5176K [0x00000000c2a00000, 0x00000000c4380000, 0x00000000eb900000)
  object space 26112K, 19% used [0x00000000c2a00000,0x00000000c2f0e2f8,0x00000000c4380000)
 Metaspace       used 28593K, capacity 29872K, committed 30208K, reserved 1075200K
  class space    used 3702K, capacity 3969K, committed 4096K, reserved 1048576K

