# JRE version: OpenJDK Runtime Environment (8.0_181-b13) (build 1.8.0_181-8u181-b13-0ubuntu0.18.04.1-b13)
# Java VM: OpenJDK 64-Bit Server VM (25.181-b13 mixed mode linux-amd64 compressed oops)
Heap:
 PSYoungGen      total 88064K, used 6999K [0x00000000e6500000, 0x00000000ec400000, 0x0000000100000000)
  eden space 80384K, 0% used [0x00000000e6500000,0x00000000e6500000,0x00000000eb380000)
  from space 7680K, 91% used [0x00000000eb380000,0x00000000eba55c08,0x00000000ebb00000)
  to   space 6144K, 0% used [0x00000000ebb00000,0x00000000ebb00000,0x00000000ec100000)
 ParOldGen       total 42496K, used 7535K [0x00000000b2e00000, 0x00000000b5780000, 0x00000000e6500000)
  object space 42496K, 17% used [0x00000000b2e00000,0x00000000b355bf48,0x00000000b5780000)
 Metaspace       used 25808K, capacity 26578K, committed 26752K, reserved 1073152K
  class space    used 3254K, capacity 3445K, committed 3456K, reserved 1048576K
GC Heap History (10 events):
Event: 3.679 GC heap after
Heap after GC invocations=3 (full 0):
 PSYoungGen      total 23552K, used 3056K [0x00000000e6500000, 0x00000000e9300000, 0x0000000100000000)
  eden space 20480K, 0% used [0x00000000e6500000,0x00000000e6500000,0x00000000e7900000)
  from space 3072K, 99% used [0x00000000e7900000,0x00000000e7bfc3b0,0x00000000e7c00000)
  to   space 3072K, 0% used [0x00000000e9000000,0x00000000e9000000,0x00000000e9300000)
 ParOldGen       total 53248K, used 472K [0x00000000b2e00000, 0x00000000b6200000, 0x00000000e6500000)
  object space 53248K, 0% used [0x00000000b2e00000,0x00000000b2e760b8,0x00000000b6200000)
 Metaspace       used 11073K, capacity 11376K, committed 11520K, reserved 1058816K
  class space    used 1317K, capacity 1410K, committed 1536K, reserved 1048576K
}
Event: 4.362 GC heap before
{Heap before GC invocations=4 (full 0):
 PSYoungGen      total 23552K, used 23536K [0x00000000e6500000, 0x00000000e9300000, 0x0000000100000000)
  eden space 20480K, 100% used [0x00000000e6500000,0x00000000e7900000,0x00000000e7900000)
  from space 3072K, 99% used [0x00000000e7900000,0x00000000e7bfc3b0,0x00000000e7c00000)
  to   space 3072K, 0% used [0x00000000e9000000,0x00000000e9000000,0x00000000e9300000)
 ParOldGen       total 53248K, used 472K [0x00000000b2e00000, 0x00000000b6200000, 0x00000000e6500000)
  object space 53248K, 0% used [0x00000000b2e00000,0x00000000b2e760b8,0x00000000b6200000)
 Metaspace       used 12900K, capacity 13360K, committed 13568K, reserved 1060864K
  class space    used 1541K, capacity 1680K, committed 1792K, reserved 1048576K
Event: 4.373 GC heap after
Heap after GC invocations=4 (full 0):
 PSYoungGen      total 44032K, used 3051K [0x00000000e6500000, 0x00000000e9300000, 0x0000000100000000)
  eden space 40960K, 0% used [0x00000000e6500000,0x00000000e6500000,0x00000000e8d00000)
  from space 3072K, 99% used [0x00000000e9000000,0x00000000e92fad10,0x00000000e9300000)
  to   space 3072K, 0% used [0x00000000e8d00000,0x00000000e8d00000,0x00000000e9000000)
 ParOldGen       total 53248K, used 1236K [0x00000000b2e00000, 0x00000000b6200000, 0x00000000e6500000)
  object space 53248K, 2% used [0x00000000b2e00000,0x00000000b2f35058,0x00000000b6200000)
 Metaspace       used 12900K, capacity 13360K, committed 13568K, reserved 1060864K
  class space    used 1541K, capacity 1680K, committed 1792K, reserved 1048576K
}
Event: 5.074 GC heap before
{Heap before GC invocations=5 (full 0):
 PSYoungGen      total 44032K, used 44011K [0x00000000e6500000, 0x00000000e9300000, 0x0000000100000000)
  eden space 40960K, 100% used [0x00000000e6500000,0x00000000e8d00000,0x00000000e8d00000)
  from space 3072K, 99% used [0x00000000e9000000,0x00000000e92fad10,0x00000000e9300000)
  to   space 3072K, 0% used [0x00000000e8d00000,0x00000000e8d00000,0x00000000e9000000)
 ParOldGen       total 53248K, used 1236K [0x00000000b2e00000, 0x00000000b6200000, 0x00000000e6500000)
  object space 53248K, 2% used [0x00000000b2e00000,0x00000000b2f35058,0x00000000b6200000)
 Metaspace       used 16651K, capacity 17176K, committed 17408K, reserved 1064960K
  class space    used 2132K, capacity 2262K, committed 2304K, reserved 1048576K
Event: 5.082 GC heap after
Heap after GC invocations=5 (full 0):
 PSYoungGen      total 44032K, used 3056K [0x00000000e6500000, 0x00000000ec100000, 0x0000000100000000)
  eden space 40960K, 0% used [0x00000000e6500000,0x00000000e6500000,0x00000000e8d00000)
  from space 3072K, 99% used [0x00000000e8d00000,0x00000000e8ffc030,0x00000000e9000000)
  to   space 6144K, 0% used [0x00000000ebb00000,0x00000000ebb00000,0x00000000ec100000)
 ParOldGen       total 53248K, used 4405K [0x00000000b2e00000, 0x00000000b6200000, 0x00000000e6500000)
  object space 53248K, 8% used [0x00000000b2e00000,0x00000000b324d4c8,0x00000000b6200000)
 Metaspace       used 16651K, capacity 17176K, committed 17408K, reserved 1064960K
  class space    used 2132K, capacity 2262K, committed 2304K, reserved 1048576K
}
Event: 5.553 GC heap before
{Heap before GC invocations=6 (full 0):
 PSYoungGen      total 44032K, used 37277K [0x00000000e6500000, 0x00000000ec100000, 0x0000000100000000)
  eden space 40960K, 83% used [0x00000000e6500000,0x00000000e866b588,0x00000000e8d00000)
  from space 3072K, 99% used [0x00000000e8d00000,0x00000000e8ffc030,0x00000000e9000000)
  to   space 6144K, 0% used [0x00000000ebb00000,0x00000000ebb00000,0x00000000ec100000)
 ParOldGen       total 53248K, used 4405K [0x00000000b2e00000, 0x00000000b6200000, 0x00000000e6500000)
  object space 53248K, 8% used [0x00000000b2e00000,0x00000000b324d4c8,0x00000000b6200000)
 Metaspace       used 20473K, capacity 21032K, committed 21248K, reserved 1067008K
  class space    used 2558K, capacity 2708K, committed 2816K, reserved 1048576K
Event: 5.570 GC heap after
Heap after GC invocations=6 (full 0):
 PSYoungGen      total 86528K, used 6127K [0x00000000e6500000, 0x00000000ec400000, 0x0000000100000000)
  eden space 80384K, 0% used [0x00000000e6500000,0x00000000e6500000,0x00000000eb380000)
  from space 6144K, 99% used [0x00000000ebb00000,0x00000000ec0fbf90,0x00000000ec100000)
  to   space 7680K, 0% used [0x00000000eb380000,0x00000000eb380000,0x00000000ebb00000)
 ParOldGen       total 53248K, used 5139K [0x00000000b2e00000, 0x00000000b6200000, 0x00000000e6500000)
  object space 53248K, 9% used [0x00000000b2e00000,0x00000000b3304d08,0x00000000b6200000)
 Metaspace       used 20473K, capacity 21032K, committed 21248K, reserved 1067008K
  class space    used 2558K, capacity 2708K, committed 2816K, reserved 1048576K
}
Event: 5.571 GC heap before
{Heap before GC invocations=7 (full 1):
 PSYoungGen      total 86528K, used 6127K [0x00000000e6500000, 0x00000000ec400000, 0x0000000100000000)
  eden space 80384K, 0% used [0x00000000e6500000,0x00000000e6500000,0x00000000eb380000)
  from space 6144K, 99% used [0x00000000ebb00000,0x00000000ec0fbf90,0x00000000ec100000)
  to   space 7680K, 0% used [0x00000000eb380000,0x00000000eb380000,0x00000000ebb00000)
 ParOldGen       total 53248K, used 5139K [0x00000000b2e00000, 0x00000000b6200000, 0x00000000e6500000)
  object space 53248K, 9% used [0x00000000b2e00000,0x00000000b3304d08,0x00000000b6200000)
 Metaspace       used 20473K, capacity 21032K, committed 21248K, reserved 1067008K
  class space    used 2558K, capacity 2708K, committed 2816K, reserved 1048576K
Event: 5.687 GC heap after
Heap after GC invocations=7 (full 1):
 PSYoungGen      total 86528K, used 0K [0x00000000e6500000, 0x00000000ec400000, 0x0000000100000000)
  eden space 80384K, 0% used [0x00000000e6500000,0x00000000e6500000,0x00000000eb380000)
  from space 6144K, 0% used [0x00000000ebb00000,0x00000000ebb00000,0x00000000ec100000)
  to   space 7680K, 0% used [0x00000000eb380000,0x00000000eb380000,0x00000000ebb00000)
 ParOldGen       total 42496K, used 7535K [0x00000000b2e00000, 0x00000000b5780000, 0x00000000e6500000)
  object space 42496K, 17% used [0x00000000b2e00000,0x00000000b355bf48,0x00000000b5780000)
 Metaspace       used 20473K, capacity 21032K, committed 21248K, reserved 1067008K
  class space    used 2558K, capacity 2708K, committed 2816K, reserved 1048576K
}
Event: 36.868 GC heap before
{Heap before GC invocations=8 (full 1):
 PSYoungGen      total 86528K, used 80384K [0x00000000e6500000, 0x00000000ec400000, 0x0000000100000000)
  eden space 80384K, 100% used [0x00000000e6500000,0x00000000eb380000,0x00000000eb380000)
  from space 6144K, 0% used [0x00000000ebb00000,0x00000000ebb00000,0x00000000ec100000)
  to   space 7680K, 0% used [0x00000000eb380000,0x00000000eb380000,0x00000000ebb00000)
 ParOldGen       total 42496K, used 7535K [0x00000000b2e00000, 0x00000000b5780000, 0x00000000e6500000)
  object space 42496K, 17% used [0x00000000b2e00000,0x00000000b355bf48,0x00000000b5780000)
 Metaspace       used 25808K, capacity 26578K, committed 26752K, reserved 1073152K
  class space    used 3254K, capacity 3445K, committed 3456K, reserved 1048576K

